capy/cap-1-aff99d80: mobile/lib/screens/payments/booking_checkout_screen.dart
capy/cap-1-aff99d80: mobile/lib/screens/payments/payment_history_screen.dart
capy/cap-1-aff99d80: mobile/lib/screens/payments/payments_main_screen.dart
capy/cap-1-492975a1: .github/workflows/Run.yml.disabled
capy/cap-1-492975a1: .github/workflows/android-debug.yml
capy/cap-1-492975a1: .github/workflows/android.yml
capy/github-actions-workf-19152bca: .github/workflows/android-debug.yml
capy/github-actions-workf-19152bca: mobile/android/settings.gradle
capy/align-bolt-app-backe-b030b77a: .github/workflows/Run.yml
capy/align-bolt-app-backe-b030b77a: MARINA_HOTEL_PORTABLE/bolt/README.md
capy/align-bolt-app-backe-b030b77a: MARINA_HOTEL_PORTABLE/bolt/admin/add_note.php
capy/align-bolt-app-backe-b030b77a: MARINA_HOTEL_PORTABLE/bolt/admin/bookings/add.php
capy/align-bolt-app-backe-b030b77a: MARINA_HOTEL_PORTABLE/bolt/admin/bookings/add2.php
capy/align-bolt-app-backe-b030b77a: MARINA_HOTEL_PORTABLE/bolt/admin/bookings/add_note.php
capy/align-bolt-app-backe-b030b77a: MARINA_HOTEL_PORTABLE/bolt/admin/bookings/checkout.php
capy/align-bolt-app-backe-b030b77a: MARINA_HOTEL_PORTABLE/bolt/admin/bookings/edit.php
capy/align-bolt-app-backe-b030b77a: MARINA_HOTEL_PORTABLE/bolt/admin/bookings/list.php
capy/align-bolt-app-backe-b030b77a: MARINA_HOTEL_PORTABLE/bolt/admin/bookings/payment.php
capy/align-bolt-app-backe-b030b77a: MARINA_HOTEL_PORTABLE/bolt/admin/bookings/payment.php11
capy/align-bolt-app-backe-b030b77a: MARINA_HOTEL_PORTABLE/bolt/admin/bookings/payment3.php
capy/align-bolt-app-backe-b030b77a: MARINA_HOTEL_PORTABLE/bolt/admin/bookings/receipt.php
capy/align-bolt-app-backe-b030b77a: MARINA_HOTEL_PORTABLE/bolt/admin/bookings/view.php
capy/align-bolt-app-backe-b030b77a: MARINA_HOTEL_PORTABLE/bolt/admin/dash.php
capy/align-bolt-app-backe-b030b77a: MARINA_HOTEL_PORTABLE/bolt/admin/dashboard.php
capy/align-bolt-app-backe-b030b77a: MARINA_HOTEL_PORTABLE/bolt/admin/employees/salary_withdrawals.php
capy/align-bolt-app-backe-b030b77a: MARINA_HOTEL_PORTABLE/bolt/admin/expenses/add_expense.php
capy/align-bolt-app-backe-b030b77a: MARINA_HOTEL_PORTABLE/bolt/admin/expenses/add_expense.php1
capy/align-bolt-app-backe-b030b77a: MARINA_HOTEL_PORTABLE/bolt/admin/expenses/check_database.php
capy/align-bolt-app-backe-b030b77a: MARINA_HOTEL_PORTABLE/bolt/admin/expenses/delete_expense.php
capy/align-bolt-app-backe-b030b77a: MARINA_HOTEL_PORTABLE/bolt/admin/expenses/edit_expense.php
capy/align-bolt-app-backe-b030b77a: MARINA_HOTEL_PORTABLE/bolt/admin/expenses/edit_expense.php1
capy/align-bolt-app-backe-b030b77a: MARINA_HOTEL_PORTABLE/bolt/admin/expenses/expenses.php
capy/align-bolt-app-backe-b030b77a: MARINA_HOTEL_PORTABLE/bolt/admin/expenses/expenses.php1
capy/align-bolt-app-backe-b030b77a: MARINA_HOTEL_PORTABLE/bolt/admin/expenses/get_employee_withdrawals.php
capy/align-bolt-app-backe-b030b77a: MARINA_HOTEL_PORTABLE/bolt/admin/expenses/list.php
capy/align-bolt-app-backe-b030b77a: MARINA_HOTEL_PORTABLE/bolt/admin/expenses/salary_withdrawals.php
capy/align-bolt-app-backe-b030b77a: MARINA_HOTEL_PORTABLE/bolt/admin/expenses/salary_withdrawals.php1
capy/align-bolt-app-backe-b030b77a: MARINA_HOTEL_PORTABLE/bolt/admin/finance/cash_register.php
capy/align-bolt-app-backe-b030b77a: MARINA_HOTEL_PORTABLE/bolt/admin/finance/cash_reports.php
capy/align-bolt-app-backe-b030b77a: MARINA_HOTEL_PORTABLE/bolt/admin/reports.php
capy/align-bolt-app-backe-b030b77a: MARINA_HOTEL_PORTABLE/bolt/admin/reports/comprehensive_reports.php
capy/align-bolt-app-backe-b030b77a: MARINA_HOTEL_PORTABLE/bolt/admin/reports/debug_bookings.php
capy/align-bolt-app-backe-b030b77a: MARINA_HOTEL_PORTABLE/bolt/admin/reports/employee_withdrawals_report.php
capy/align-bolt-app-backe-b030b77a: MARINA_HOTEL_PORTABLE/bolt/admin/reports/export_comprehensive_excel.php
capy/align-bolt-app-backe-b030b77a: MARINA_HOTEL_PORTABLE/bolt/admin/reports/export_comprehensive_pdf.php
capy/align-bolt-app-backe-b030b77a: MARINA_HOTEL_PORTABLE/bolt/admin/reports/export_employee_withdrawals_excel.php
capy/align-bolt-app-backe-b030b77a: MARINA_HOTEL_PORTABLE/bolt/admin/reports/export_excel.php
capy/align-bolt-app-backe-b030b77a: MARINA_HOTEL_PORTABLE/bolt/admin/reports/export_pdf.php
capy/align-bolt-app-backe-b030b77a: MARINA_HOTEL_PORTABLE/bolt/admin/reports/invoice.php
capy/align-bolt-app-backe-b030b77a: MARINA_HOTEL_PORTABLE/bolt/admin/reports/occupancy.php
capy/align-bolt-app-backe-b030b77a: MARINA_HOTEL_PORTABLE/bolt/admin/reports/report.php
capy/align-bolt-app-backe-b030b77a: MARINA_HOTEL_PORTABLE/bolt/admin/reports/revenue.php
capy/align-bolt-app-backe-b030b77a: MARINA_HOTEL_PORTABLE/bolt/admin/rooms/add.php
capy/align-bolt-app-backe-b030b77a: MARINA_HOTEL_PORTABLE/bolt/admin/rooms/edit.php
capy/align-bolt-app-backe-b030b77a: MARINA_HOTEL_PORTABLE/bolt/admin/rooms/list.php
capy/align-bolt-app-backe-b030b77a: MARINA_HOTEL_PORTABLE/bolt/admin/rooms/view.php
capy/align-bolt-app-backe-b030b77a: MARINA_HOTEL_PORTABLE/bolt/admin/settings/add_user.php
capy/align-bolt-app-backe-b030b77a: MARINA_HOTEL_PORTABLE/bolt/admin/settings/edit_guest.php
capy/align-bolt-app-backe-b030b77a: MARINA_HOTEL_PORTABLE/bolt/admin/settings/employees.php
capy/align-bolt-app-backe-b030b77a: MARINA_HOTEL_PORTABLE/bolt/admin/settings/get_user_permissions.php
capy/align-bolt-app-backe-b030b77a: MARINA_HOTEL_PORTABLE/bolt/admin/settings/guest_history.php
capy/align-bolt-app-backe-b030b77a: MARINA_HOTEL_PORTABLE/bolt/admin/settings/guests.php
capy/align-bolt-app-backe-b030b77a: MARINA_HOTEL_PORTABLE/bolt/admin/settings/index.php
capy/align-bolt-app-backe-b030b77a: MARINA_HOTEL_PORTABLE/bolt/admin/settings/maintenance.php
capy/align-bolt-app-backe-b030b77a: MARINA_HOTEL_PORTABLE/bolt/admin/settings/rooms_status.php
capy/align-bolt-app-backe-b030b77a: MARINA_HOTEL_PORTABLE/bolt/admin/settings/users.php
capy/align-bolt-app-backe-b030b77a: MARINA_HOTEL_PORTABLE/bolt/admin/system_tools/backup_database.php
capy/align-bolt-app-backe-b030b77a: MARINA_HOTEL_PORTABLE/bolt/admin/system_tools/backup_manager.php
capy/align-bolt-app-backe-b030b77a: MARINA_HOTEL_PORTABLE/bolt/admin/system_tools/create_users_table.php
capy/align-bolt-app-backe-b030b77a: MARINA_HOTEL_PORTABLE/bolt/admin/system_tools/user_management.php
capy/align-bolt-app-backe-b030b77a: MARINA_HOTEL_PORTABLE/bolt/api/guest_history.php
capy/align-bolt-app-backe-b030b77a: MARINA_HOTEL_PORTABLE/bolt/api/guests.php
capy/align-bolt-app-backe-b030b77a: MARINA_HOTEL_PORTABLE/bolt/api/payments.php
capy/align-bolt-app-backe-b030b77a: MARINA_HOTEL_PORTABLE/bolt/api/prepare_booking.php
capy/align-bolt-app-backe-b030b77a: MARINA_HOTEL_PORTABLE/bolt/bolt/android/app/src/main/AndroidManifest.xml
capy/align-bolt-app-backe-b030b77a: MARINA_HOTEL_PORTABLE/bolt/bolt/build-android.js
capy/align-bolt-app-backe-b030b77a: MARINA_HOTEL_PORTABLE/bolt/bolt/docs/development-plan.md
capy/align-bolt-app-backe-b030b77a: MARINA_HOTEL_PORTABLE/bolt/bolt/docs/sync-api-documentation.md
capy/align-bolt-app-backe-b030b77a: MARINA_HOTEL_PORTABLE/bolt/bolt/docs/technical-analysis.md
capy/align-bolt-app-backe-b030b77a: MARINA_HOTEL_PORTABLE/bolt/bolt/index.html
capy/align-bolt-app-backe-b030b77a: MARINA_HOTEL_PORTABLE/bolt/bolt/js/auth.js
capy/align-bolt-app-backe-b030b77a: MARINA_HOTEL_PORTABLE/bolt/bolt/js/bookings.js
capy/align-bolt-app-backe-b030b77a: MARINA_HOTEL_PORTABLE/bolt/bolt/js/dashboard.js
capy/align-bolt-app-backe-b030b77a: MARINA_HOTEL_PORTABLE/bolt/bolt/js/data-manager.js
capy/align-bolt-app-backe-b030b77a: MARINA_HOTEL_PORTABLE/bolt/bolt/js/employees.js
capy/align-bolt-app-backe-b030b77a: MARINA_HOTEL_PORTABLE/bolt/bolt/js/expenses.js
capy/align-bolt-app-backe-b030b77a: MARINA_HOTEL_PORTABLE/bolt/bolt/js/main.js
capy/align-bolt-app-backe-b030b77a: MARINA_HOTEL_PORTABLE/bolt/bolt/js/mobile-adapter.js
capy/align-bolt-app-backe-b030b77a: MARINA_HOTEL_PORTABLE/bolt/bolt/js/modals.js
capy/align-bolt-app-backe-b030b77a: MARINA_HOTEL_PORTABLE/bolt/bolt/js/navigation.js
capy/align-bolt-app-backe-b030b77a: MARINA_HOTEL_PORTABLE/bolt/bolt/js/payments.js
capy/align-bolt-app-backe-b030b77a: MARINA_HOTEL_PORTABLE/bolt/bolt/js/pwa-manager.js
capy/align-bolt-app-backe-b030b77a: MARINA_HOTEL_PORTABLE/bolt/bolt/js/reports.js
capy/align-bolt-app-backe-b030b77a: MARINA_HOTEL_PORTABLE/bolt/bolt/js/rooms.js
capy/align-bolt-app-backe-b030b77a: MARINA_HOTEL_PORTABLE/bolt/bolt/js/settings.js
capy/align-bolt-app-backe-b030b77a: MARINA_HOTEL_PORTABLE/bolt/bolt/js/sync-manager.js
capy/align-bolt-app-backe-b030b77a: MARINA_HOTEL_PORTABLE/bolt/bolt/js/utils.js
capy/align-bolt-app-backe-b030b77a: MARINA_HOTEL_PORTABLE/bolt/bolt/manifest.json
capy/align-bolt-app-backe-b030b77a: MARINA_HOTEL_PORTABLE/bolt/bolt/package-lock.json
capy/align-bolt-app-backe-b030b77a: MARINA_HOTEL_PORTABLE/bolt/bolt/package.json
capy/align-bolt-app-backe-b030b77a: MARINA_HOTEL_PORTABLE/bolt/bolt/page2.html
capy/align-bolt-app-backe-b030b77a: MARINA_HOTEL_PORTABLE/bolt/bolt/script.js
capy/align-bolt-app-backe-b030b77a: MARINA_HOTEL_PORTABLE/bolt/bolt/styles.css
capy/align-bolt-app-backe-b030b77a: MARINA_HOTEL_PORTABLE/bolt/bolt/styles/main.css
capy/align-bolt-app-backe-b030b77a: MARINA_HOTEL_PORTABLE/bolt/bolt/styles/responsive.css
capy/align-bolt-app-backe-b030b77a: MARINA_HOTEL_PORTABLE/bolt/bolt/sw.js
capy/align-bolt-app-backe-b030b77a: MARINA_HOTEL_PORTABLE/bolt/bolt_analysis.md
capy/align-bolt-app-backe-b030b77a: MARINA_HOTEL_PORTABLE/bolt/includes/auth.php
capy/align-bolt-app-backe-b030b77a: MARINA_HOTEL_PORTABLE/bolt/includes/auth_check.php
capy/align-bolt-app-backe-b030b77a: MARINA_HOTEL_PORTABLE/bolt/includes/auth_check_finance.php
capy/align-bolt-app-backe-b030b77a: MARINA_HOTEL_PORTABLE/bolt/includes/auth_check_modified.php
capy/align-bolt-app-backe-b030b77a: MARINA_HOTEL_PORTABLE/bolt/includes/config.php
capy/align-bolt-app-backe-b030b77a: MARINA_HOTEL_PORTABLE/bolt/includes/db.php
capy/align-bolt-app-backe-b030b77a: MARINA_HOTEL_PORTABLE/bolt/includes/email_config.php
capy/align-bolt-app-backe-b030b77a: MARINA_HOTEL_PORTABLE/bolt/includes/email_sync.php
capy/align-bolt-app-backe-b030b77a: MARINA_HOTEL_PORTABLE/bolt/includes/error_handler.php
capy/align-bolt-app-backe-b030b77a: MARINA_HOTEL_PORTABLE/bolt/includes/footer.php
capy/align-bolt-app-backe-b030b77a: MARINA_HOTEL_PORTABLE/bolt/includes/fpdf.php
capy/align-bolt-app-backe-b030b77a: MARINA_HOTEL_PORTABLE/bolt/includes/functions.php
capy/align-bolt-app-backe-b030b77a: MARINA_HOTEL_PORTABLE/bolt/includes/header.php
capy/align-bolt-app-backe-b030b77a: MARINA_HOTEL_PORTABLE/bolt/includes/header2.php
capy/align-bolt-app-backe-b030b77a: MARINA_HOTEL_PORTABLE/bolt/includes/init.php
capy/align-bolt-app-backe-b030b77a: MARINA_HOTEL_PORTABLE/bolt/includes/pdf_generator.php
capy/align-bolt-app-backe-b030b77a: MARINA_HOTEL_PORTABLE/bolt/includes/performance.php
capy/align-bolt-app-backe-b030b77a: MARINA_HOTEL_PORTABLE/bolt/includes/report_functions.php
capy/align-bolt-app-backe-b030b77a: MARINA_HOTEL_PORTABLE/bolt/includes/security.php
capy/align-bolt-app-backe-b030b77a: MARINA_HOTEL_PORTABLE/bolt/includes/session_manager.php
capy/align-bolt-app-backe-b030b77a: MARINA_HOTEL_PORTABLE/bolt/includes/sidebar.php
capy/align-bolt-app-backe-b030b77a: MARINA_HOTEL_PORTABLE/bolt/includes/simple-header.php
capy/align-bolt-app-backe-b030b77a: MARINA_HOTEL_PORTABLE/tools/verify_bolt_admin_parity.php
capy/align-bolt-app-backe-b030b77a: android_app/build.gradle
main: .github/workflows/Run.yml
main: android_app/build.gradle
capy/build-netpro-android-9b96664d: .github/workflows/Run.yml
capy/build-netpro-android-9b96664d: android_app/build.gradle
capy/build-netpro-android-9b96664d: android_app/settings.gradle
capy/build-netpro-android-9b96664d: mobile/android/netpro-app/build.gradle.kts
capy/build-netpro-android-9b96664d: mobile/android/netpro-app/proguard-rules.pro
capy/build-netpro-android-9b96664d: mobile/android/netpro-app/src/main/AndroidManifest.xml
capy/build-netpro-android-9b96664d: mobile/android/netpro-app/src/main/java/com/marina/internal/MainActivity.kt
capy/build-netpro-android-9b96664d: mobile/android/netpro-app/src/main/java/com/marina/internal/NetProApp.kt
capy/build-netpro-android-9b96664d: mobile/android/netpro-app/src/main/java/com/marina/internal/RootNavViewModel.kt
capy/build-netpro-android-9b96664d: mobile/android/netpro-app/src/main/java/com/marina/internal/auth/data/AuthRepository.kt
capy/build-netpro-android-9b96664d: mobile/android/netpro-app/src/main/java/com/marina/internal/auth/ui/LoginScreen.kt
capy/build-netpro-android-9b96664d: mobile/android/netpro-app/src/main/java/com/marina/internal/core/data/datastore/AppDataStore.kt
capy/build-netpro-android-9b96664d: mobile/android/netpro-app/src/main/java/com/marina/internal/core/data/db/AppDatabase.kt
capy/build-netpro-android-9b96664d: mobile/android/netpro-app/src/main/java/com/marina/internal/core/data/db/Dao.kt
capy/build-netpro-android-9b96664d: mobile/android/netpro-app/src/main/java/com/marina/internal/core/data/db/Entities.kt
capy/build-netpro-android-9b96664d: mobile/android/netpro-app/src/main/java/com/marina/internal/core/di/AppModule.kt
capy/build-netpro-android-9b96664d: mobile/android/netpro-app/src/main/java/com/marina/internal/core/work/SyncWorker.kt
capy/build-netpro-android-9b96664d: mobile/android/netpro-app/src/main/java/com/marina/internal/dashboard/ui/DashboardScreen.kt
capy/build-netpro-android-9b96664d: mobile/android/netpro-app/src/main/java/com/marina/internal/setup/ui/BaseUrlSetupScreen.kt
capy/build-netpro-android-9b96664d: mobile/android/netpro-app/src/main/java/com/marina/internal/ui/navigation/NavGraph.kt
capy/build-netpro-android-9b96664d: mobile/android/netpro-app/src/main/java/com/marina/internal/ui/theme/Theme.kt
capy/build-netpro-android-9b96664d: mobile/android/netpro-app/src/main/res/drawable/ic_launcher_background.xml
capy/build-netpro-android-9b96664d: mobile/android/netpro-app/src/main/res/drawable/ic_launcher_foreground.xml
capy/build-netpro-android-9b96664d: mobile/android/netpro-app/src/main/res/drawable/ic_splash_foreground.xml
capy/build-netpro-android-9b96664d: mobile/android/netpro-app/src/main/res/mipmap-anydpi-v26/ic_launcher.xml
capy/build-netpro-android-9b96664d: mobile/android/netpro-app/src/main/res/mipmap-anydpi-v26/ic_launcher_round.xml
capy/build-netpro-android-9b96664d: mobile/android/netpro-app/src/main/res/values-ar/strings.xml
capy/build-netpro-android-9b96664d: mobile/android/netpro-app/src/main/res/values-v31/themes.xml
capy/build-netpro-android-9b96664d: mobile/android/netpro-app/src/main/res/values/colors.xml
capy/build-netpro-android-9b96664d: mobile/android/netpro-app/src/main/res/values/themes.xml
cursor/enhance-marinahotel-system-for-network-access-and-admin-controls-f005: MARINA_HOTEL_PORTABLE/admin/system/index.php
cursor/enhance-marinahotel-system-for-network-access-and-admin-controls-f005: MARINA_HOTEL_PORTABLE/admin/system/logs.php
cursor/enhance-marinahotel-system-for-network-access-and-admin-controls-f005: MARINA_HOTEL_PORTABLE/admin/system/maintenance.php
cursor/enhance-marinahotel-system-for-network-access-and-admin-controls-f005: MARINA_HOTEL_PORTABLE/admin/system/network.php
cursor/enhance-marinahotel-system-for-network-access-and-admin-controls-f005: MARINA_HOTEL_PORTABLE/admin/system/security.php
cursor/enhance-marinahotel-system-for-network-access-and-admin-controls-f005: MARINA_HOTEL_PORTABLE/admin/system/settings.php
cursor/enhance-marinahotel-system-for-network-access-and-admin-controls-f005: MARINA_HOTEL_PORTABLE/includes/config.php
cursor/enhance-marinahotel-system-for-network-access-and-admin-controls-f005: marinahotel/docker-compose.yml
capy/cap-1-492975a1: .github/workflows/Run.yml.disabled
capy/cap-1-492975a1: .github/workflows/android-debug.yml
capy/cap-1-492975a1: .github/workflows/android.yml
capy/align-bolt-app-backe-b030b77a: .github/workflows/Run.yml
capy/align-bolt-app-backe-b030b77a: MARINA_HOTEL_PORTABLE/bolt/README.md
capy/align-bolt-app-backe-b030b77a: MARINA_HOTEL_PORTABLE/bolt/admin/add_note.php
capy/align-bolt-app-backe-b030b77a: MARINA_HOTEL_PORTABLE/bolt/admin/bookings/add.php
capy/align-bolt-app-backe-b030b77a: MARINA_HOTEL_PORTABLE/bolt/admin/bookings/add2.php
capy/align-bolt-app-backe-b030b77a: MARINA_HOTEL_PORTABLE/bolt/admin/bookings/add_note.php
capy/align-bolt-app-backe-b030b77a: MARINA_HOTEL_PORTABLE/bolt/admin/bookings/checkout.php
capy/align-bolt-app-backe-b030b77a: MARINA_HOTEL_PORTABLE/bolt/admin/bookings/edit.php
capy/align-bolt-app-backe-b030b77a: MARINA_HOTEL_PORTABLE/bolt/admin/bookings/list.php
capy/align-bolt-app-backe-b030b77a: MARINA_HOTEL_PORTABLE/bolt/admin/bookings/payment.php
capy/align-bolt-app-backe-b030b77a: MARINA_HOTEL_PORTABLE/bolt/admin/bookings/payment.php11
capy/align-bolt-app-backe-b030b77a: MARINA_HOTEL_PORTABLE/bolt/admin/bookings/payment3.php
capy/align-bolt-app-backe-b030b77a: MARINA_HOTEL_PORTABLE/bolt/admin/bookings/receipt.php
capy/align-bolt-app-backe-b030b77a: MARINA_HOTEL_PORTABLE/bolt/admin/bookings/view.php
capy/align-bolt-app-backe-b030b77a: MARINA_HOTEL_PORTABLE/bolt/admin/dash.php
capy/align-bolt-app-backe-b030b77a: MARINA_HOTEL_PORTABLE/bolt/admin/dashboard.php
capy/align-bolt-app-backe-b030b77a: MARINA_HOTEL_PORTABLE/bolt/admin/employees/salary_withdrawals.php
capy/align-bolt-app-backe-b030b77a: MARINA_HOTEL_PORTABLE/bolt/admin/expenses/add_expense.php
capy/align-bolt-app-backe-b030b77a: MARINA_HOTEL_PORTABLE/bolt/admin/expenses/add_expense.php1
capy/align-bolt-app-backe-b030b77a: MARINA_HOTEL_PORTABLE/bolt/admin/expenses/check_database.php
capy/align-bolt-app-backe-b030b77a: MARINA_HOTEL_PORTABLE/bolt/admin/expenses/delete_expense.php
capy/align-bolt-app-backe-b030b77a: MARINA_HOTEL_PORTABLE/bolt/admin/expenses/edit_expense.php
capy/align-bolt-app-backe-b030b77a: MARINA_HOTEL_PORTABLE/bolt/admin/expenses/edit_expense.php1
capy/align-bolt-app-backe-b030b77a: MARINA_HOTEL_PORTABLE/bolt/admin/expenses/expenses.php
capy/align-bolt-app-backe-b030b77a: MARINA_HOTEL_PORTABLE/bolt/admin/expenses/expenses.php1
capy/align-bolt-app-backe-b030b77a: MARINA_HOTEL_PORTABLE/bolt/admin/expenses/get_employee_withdrawals.php
capy/align-bolt-app-backe-b030b77a: MARINA_HOTEL_PORTABLE/bolt/admin/expenses/list.php
capy/align-bolt-app-backe-b030b77a: MARINA_HOTEL_PORTABLE/bolt/admin/expenses/salary_withdrawals.php
capy/align-bolt-app-backe-b030b77a: MARINA_HOTEL_PORTABLE/bolt/admin/expenses/salary_withdrawals.php1
capy/align-bolt-app-backe-b030b77a: MARINA_HOTEL_PORTABLE/bolt/admin/finance/cash_register.php
capy/align-bolt-app-backe-b030b77a: MARINA_HOTEL_PORTABLE/bolt/admin/finance/cash_reports.php
capy/align-bolt-app-backe-b030b77a: MARINA_HOTEL_PORTABLE/bolt/admin/reports.php
capy/align-bolt-app-backe-b030b77a: MARINA_HOTEL_PORTABLE/bolt/admin/reports/comprehensive_reports.php
capy/align-bolt-app-backe-b030b77a: MARINA_HOTEL_PORTABLE/bolt/admin/reports/debug_bookings.php
capy/align-bolt-app-backe-b030b77a: MARINA_HOTEL_PORTABLE/bolt/admin/reports/employee_withdrawals_report.php
capy/align-bolt-app-backe-b030b77a: MARINA_HOTEL_PORTABLE/bolt/admin/reports/export_comprehensive_excel.php
capy/align-bolt-app-backe-b030b77a: MARINA_HOTEL_PORTABLE/bolt/admin/reports/export_comprehensive_pdf.php
capy/align-bolt-app-backe-b030b77a: MARINA_HOTEL_PORTABLE/bolt/admin/reports/export_employee_withdrawals_excel.php
capy/align-bolt-app-backe-b030b77a: MARINA_HOTEL_PORTABLE/bolt/admin/reports/export_excel.php
capy/align-bolt-app-backe-b030b77a: MARINA_HOTEL_PORTABLE/bolt/admin/reports/export_pdf.php
capy/align-bolt-app-backe-b030b77a: MARINA_HOTEL_PORTABLE/bolt/admin/reports/invoice.php
capy/align-bolt-app-backe-b030b77a: MARINA_HOTEL_PORTABLE/bolt/admin/reports/occupancy.php
capy/align-bolt-app-backe-b030b77a: MARINA_HOTEL_PORTABLE/bolt/admin/reports/report.php
capy/align-bolt-app-backe-b030b77a: MARINA_HOTEL_PORTABLE/bolt/admin/reports/revenue.php
capy/align-bolt-app-backe-b030b77a: MARINA_HOTEL_PORTABLE/bolt/admin/rooms/add.php
capy/align-bolt-app-backe-b030b77a: MARINA_HOTEL_PORTABLE/bolt/admin/rooms/edit.php
capy/align-bolt-app-backe-b030b77a: MARINA_HOTEL_PORTABLE/bolt/admin/rooms/list.php
capy/align-bolt-app-backe-b030b77a: MARINA_HOTEL_PORTABLE/bolt/admin/rooms/view.php
capy/align-bolt-app-backe-b030b77a: MARINA_HOTEL_PORTABLE/bolt/admin/settings/add_user.php
capy/align-bolt-app-backe-b030b77a: MARINA_HOTEL_PORTABLE/bolt/admin/settings/edit_guest.php
capy/align-bolt-app-backe-b030b77a: MARINA_HOTEL_PORTABLE/bolt/admin/settings/employees.php
capy/align-bolt-app-backe-b030b77a: MARINA_HOTEL_PORTABLE/bolt/admin/settings/get_user_permissions.php
capy/align-bolt-app-backe-b030b77a: MARINA_HOTEL_PORTABLE/bolt/admin/settings/guest_history.php
capy/align-bolt-app-backe-b030b77a: MARINA_HOTEL_PORTABLE/bolt/admin/settings/guests.php
capy/align-bolt-app-backe-b030b77a: MARINA_HOTEL_PORTABLE/bolt/admin/settings/index.php
capy/align-bolt-app-backe-b030b77a: MARINA_HOTEL_PORTABLE/bolt/admin/settings/maintenance.php
capy/align-bolt-app-backe-b030b77a: MARINA_HOTEL_PORTABLE/bolt/admin/settings/rooms_status.php
capy/align-bolt-app-backe-b030b77a: MARINA_HOTEL_PORTABLE/bolt/admin/settings/users.php
capy/align-bolt-app-backe-b030b77a: MARINA_HOTEL_PORTABLE/bolt/admin/system_tools/backup_database.php
capy/align-bolt-app-backe-b030b77a: MARINA_HOTEL_PORTABLE/bolt/admin/system_tools/backup_manager.php
capy/align-bolt-app-backe-b030b77a: MARINA_HOTEL_PORTABLE/bolt/admin/system_tools/create_users_table.php
capy/align-bolt-app-backe-b030b77a: MARINA_HOTEL_PORTABLE/bolt/admin/system_tools/user_management.php
capy/align-bolt-app-backe-b030b77a: MARINA_HOTEL_PORTABLE/bolt/api/guest_history.php
capy/align-bolt-app-backe-b030b77a: MARINA_HOTEL_PORTABLE/bolt/api/guests.php
capy/align-bolt-app-backe-b030b77a: MARINA_HOTEL_PORTABLE/bolt/api/payments.php
capy/align-bolt-app-backe-b030b77a: MARINA_HOTEL_PORTABLE/bolt/api/prepare_booking.php
capy/align-bolt-app-backe-b030b77a: MARINA_HOTEL_PORTABLE/bolt/bolt/android/app/src/main/AndroidManifest.xml
capy/align-bolt-app-backe-b030b77a: MARINA_HOTEL_PORTABLE/bolt/bolt/build-android.js
capy/align-bolt-app-backe-b030b77a: MARINA_HOTEL_PORTABLE/bolt/bolt/docs/development-plan.md
capy/align-bolt-app-backe-b030b77a: MARINA_HOTEL_PORTABLE/bolt/bolt/docs/sync-api-documentation.md
capy/align-bolt-app-backe-b030b77a: MARINA_HOTEL_PORTABLE/bolt/bolt/docs/technical-analysis.md
capy/align-bolt-app-backe-b030b77a: MARINA_HOTEL_PORTABLE/bolt/bolt/index.html
capy/align-bolt-app-backe-b030b77a: MARINA_HOTEL_PORTABLE/bolt/bolt/js/auth.js
capy/align-bolt-app-backe-b030b77a: MARINA_HOTEL_PORTABLE/bolt/bolt/js/bookings.js
capy/align-bolt-app-backe-b030b77a: MARINA_HOTEL_PORTABLE/bolt/bolt/js/dashboard.js
capy/align-bolt-app-backe-b030b77a: MARINA_HOTEL_PORTABLE/bolt/bolt/js/data-manager.js
capy/align-bolt-app-backe-b030b77a: MARINA_HOTEL_PORTABLE/bolt/bolt/js/employees.js
capy/align-bolt-app-backe-b030b77a: MARINA_HOTEL_PORTABLE/bolt/bolt/js/expenses.js
capy/align-bolt-app-backe-b030b77a: MARINA_HOTEL_PORTABLE/bolt/bolt/js/main.js
capy/align-bolt-app-backe-b030b77a: MARINA_HOTEL_PORTABLE/bolt/bolt/js/mobile-adapter.js
capy/align-bolt-app-backe-b030b77a: MARINA_HOTEL_PORTABLE/bolt/bolt/js/modals.js
capy/align-bolt-app-backe-b030b77a: MARINA_HOTEL_PORTABLE/bolt/bolt/js/navigation.js
capy/align-bolt-app-backe-b030b77a: MARINA_HOTEL_PORTABLE/bolt/bolt/js/payments.js
capy/align-bolt-app-backe-b030b77a: MARINA_HOTEL_PORTABLE/bolt/bolt/js/pwa-manager.js
capy/align-bolt-app-backe-b030b77a: MARINA_HOTEL_PORTABLE/bolt/bolt/js/reports.js
capy/align-bolt-app-backe-b030b77a: MARINA_HOTEL_PORTABLE/bolt/bolt/js/rooms.js
capy/align-bolt-app-backe-b030b77a: MARINA_HOTEL_PORTABLE/bolt/bolt/js/settings.js
capy/align-bolt-app-backe-b030b77a: MARINA_HOTEL_PORTABLE/bolt/bolt/js/sync-manager.js
capy/align-bolt-app-backe-b030b77a: MARINA_HOTEL_PORTABLE/bolt/bolt/js/utils.js
capy/align-bolt-app-backe-b030b77a: MARINA_HOTEL_PORTABLE/bolt/bolt/manifest.json
capy/align-bolt-app-backe-b030b77a: MARINA_HOTEL_PORTABLE/bolt/bolt/package-lock.json
capy/align-bolt-app-backe-b030b77a: MARINA_HOTEL_PORTABLE/bolt/bolt/package.json
capy/align-bolt-app-backe-b030b77a: MARINA_HOTEL_PORTABLE/bolt/bolt/page2.html
capy/align-bolt-app-backe-b030b77a: MARINA_HOTEL_PORTABLE/bolt/bolt/script.js
capy/align-bolt-app-backe-b030b77a: MARINA_HOTEL_PORTABLE/bolt/bolt/styles.css
capy/align-bolt-app-backe-b030b77a: MARINA_HOTEL_PORTABLE/bolt/bolt/styles/main.css
capy/align-bolt-app-backe-b030b77a: MARINA_HOTEL_PORTABLE/bolt/bolt/styles/responsive.css
capy/align-bolt-app-backe-b030b77a: MARINA_HOTEL_PORTABLE/bolt/bolt/sw.js
capy/align-bolt-app-backe-b030b77a: MARINA_HOTEL_PORTABLE/bolt/bolt_analysis.md
capy/align-bolt-app-backe-b030b77a: MARINA_HOTEL_PORTABLE/bolt/includes/auth.php
capy/align-bolt-app-backe-b030b77a: MARINA_HOTEL_PORTABLE/bolt/includes/auth_check.php
capy/align-bolt-app-backe-b030b77a: MARINA_HOTEL_PORTABLE/bolt/includes/auth_check_finance.php
capy/align-bolt-app-backe-b030b77a: MARINA_HOTEL_PORTABLE/bolt/includes/auth_check_modified.php
capy/align-bolt-app-backe-b030b77a: MARINA_HOTEL_PORTABLE/bolt/includes/config.php
capy/align-bolt-app-backe-b030b77a: MARINA_HOTEL_PORTABLE/bolt/includes/db.php
capy/align-bolt-app-backe-b030b77a: MARINA_HOTEL_PORTABLE/bolt/includes/email_config.php
capy/align-bolt-app-backe-b030b77a: MARINA_HOTEL_PORTABLE/bolt/includes/email_sync.php
capy/align-bolt-app-backe-b030b77a: MARINA_HOTEL_PORTABLE/bolt/includes/error_handler.php
capy/align-bolt-app-backe-b030b77a: MARINA_HOTEL_PORTABLE/bolt/includes/footer.php
capy/align-bolt-app-backe-b030b77a: MARINA_HOTEL_PORTABLE/bolt/includes/fpdf.php
capy/align-bolt-app-backe-b030b77a: MARINA_HOTEL_PORTABLE/bolt/includes/functions.php
capy/align-bolt-app-backe-b030b77a: MARINA_HOTEL_PORTABLE/bolt/includes/header.php
capy/align-bolt-app-backe-b030b77a: MARINA_HOTEL_PORTABLE/bolt/includes/header2.php
capy/align-bolt-app-backe-b030b77a: MARINA_HOTEL_PORTABLE/bolt/includes/init.php
capy/align-bolt-app-backe-b030b77a: MARINA_HOTEL_PORTABLE/bolt/includes/pdf_generator.php
capy/align-bolt-app-backe-b030b77a: MARINA_HOTEL_PORTABLE/bolt/includes/performance.php
capy/align-bolt-app-backe-b030b77a: MARINA_HOTEL_PORTABLE/bolt/includes/report_functions.php
capy/align-bolt-app-backe-b030b77a: MARINA_HOTEL_PORTABLE/bolt/includes/security.php
capy/align-bolt-app-backe-b030b77a: MARINA_HOTEL_PORTABLE/bolt/includes/session_manager.php
capy/align-bolt-app-backe-b030b77a: MARINA_HOTEL_PORTABLE/bolt/includes/sidebar.php
capy/align-bolt-app-backe-b030b77a: MARINA_HOTEL_PORTABLE/bolt/includes/simple-header.php
capy/align-bolt-app-backe-b030b77a: MARINA_HOTEL_PORTABLE/tools/verify_bolt_admin_parity.php
capy/align-bolt-app-backe-b030b77a: android_app/build.gradle
main: .github/workflows/Run.yml
main: android_app/build.gradle
cursor/enhance-marinahotel-system-for-network-access-and-admin-controls-f005: MARINA_HOTEL_PORTABLE/admin/system/index.php
cursor/enhance-marinahotel-system-for-network-access-and-admin-controls-f005: MARINA_HOTEL_PORTABLE/admin/system/logs.php
cursor/enhance-marinahotel-system-for-network-access-and-admin-controls-f005: MARINA_HOTEL_PORTABLE/admin/system/maintenance.php
cursor/enhance-marinahotel-system-for-network-access-and-admin-controls-f005: MARINA_HOTEL_PORTABLE/admin/system/network.php
cursor/enhance-marinahotel-system-for-network-access-and-admin-controls-f005: MARINA_HOTEL_PORTABLE/admin/system/security.php
cursor/enhance-marinahotel-system-for-network-access-and-admin-controls-f005: MARINA_HOTEL_PORTABLE/admin/system/settings.php
cursor/enhance-marinahotel-system-for-network-access-and-admin-controls-f005: marinahotel/docker-compose.yml
capy/cap-1-492975a1: .github/workflows/Run.yml.disabled
capy/cap-1-492975a1: .github/workflows/android-debug.yml
capy/cap-1-492975a1: .github/workflows/android.yml
capy/align-bolt-app-backe-b030b77a: .github/workflows/Run.yml
capy/align-bolt-app-backe-b030b77a: MARINA_HOTEL_PORTABLE/bolt/README.md
capy/align-bolt-app-backe-b030b77a: MARINA_HOTEL_PORTABLE/bolt/admin/add_note.php
capy/align-bolt-app-backe-b030b77a: MARINA_HOTEL_PORTABLE/bolt/admin/bookings/add.php
capy/align-bolt-app-backe-b030b77a: MARINA_HOTEL_PORTABLE/bolt/admin/bookings/add2.php
capy/align-bolt-app-backe-b030b77a: MARINA_HOTEL_PORTABLE/bolt/admin/bookings/add_note.php
capy/align-bolt-app-backe-b030b77a: MARINA_HOTEL_PORTABLE/bolt/admin/bookings/checkout.php
capy/align-bolt-app-backe-b030b77a: MARINA_HOTEL_PORTABLE/bolt/admin/bookings/edit.php
capy/align-bolt-app-backe-b030b77a: MARINA_HOTEL_PORTABLE/bolt/admin/bookings/list.php
capy/align-bolt-app-backe-b030b77a: MARINA_HOTEL_PORTABLE/bolt/admin/bookings/payment.php
capy/align-bolt-app-backe-b030b77a: MARINA_HOTEL_PORTABLE/bolt/admin/bookings/payment.php11
capy/align-bolt-app-backe-b030b77a: MARINA_HOTEL_PORTABLE/bolt/admin/bookings/payment3.php
capy/align-bolt-app-backe-b030b77a: MARINA_HOTEL_PORTABLE/bolt/admin/bookings/receipt.php
capy/align-bolt-app-backe-b030b77a: MARINA_HOTEL_PORTABLE/bolt/admin/bookings/view.php
capy/align-bolt-app-backe-b030b77a: MARINA_HOTEL_PORTABLE/bolt/admin/dash.php
capy/align-bolt-app-backe-b030b77a: MARINA_HOTEL_PORTABLE/bolt/admin/dashboard.php
capy/align-bolt-app-backe-b030b77a: MARINA_HOTEL_PORTABLE/bolt/admin/employees/salary_withdrawals.php
capy/align-bolt-app-backe-b030b77a: MARINA_HOTEL_PORTABLE/bolt/admin/expenses/add_expense.php
capy/align-bolt-app-backe-b030b77a: MARINA_HOTEL_PORTABLE/bolt/admin/expenses/add_expense.php1
capy/align-bolt-app-backe-b030b77a: MARINA_HOTEL_PORTABLE/bolt/admin/expenses/check_database.php
capy/align-bolt-app-backe-b030b77a: MARINA_HOTEL_PORTABLE/bolt/admin/expenses/delete_expense.php
capy/align-bolt-app-backe-b030b77a: MARINA_HOTEL_PORTABLE/bolt/admin/expenses/edit_expense.php
capy/align-bolt-app-backe-b030b77a: MARINA_HOTEL_PORTABLE/bolt/admin/expenses/edit_expense.php1
capy/align-bolt-app-backe-b030b77a: MARINA_HOTEL_PORTABLE/bolt/admin/expenses/expenses.php
capy/align-bolt-app-backe-b030b77a: MARINA_HOTEL_PORTABLE/bolt/admin/expenses/expenses.php1
capy/align-bolt-app-backe-b030b77a: MARINA_HOTEL_PORTABLE/bolt/admin/expenses/get_employee_withdrawals.php
capy/align-bolt-app-backe-b030b77a: MARINA_HOTEL_PORTABLE/bolt/admin/expenses/list.php
capy/align-bolt-app-backe-b030b77a: MARINA_HOTEL_PORTABLE/bolt/admin/expenses/salary_withdrawals.php
capy/align-bolt-app-backe-b030b77a: MARINA_HOTEL_PORTABLE/bolt/admin/expenses/salary_withdrawals.php1
capy/align-bolt-app-backe-b030b77a: MARINA_HOTEL_PORTABLE/bolt/admin/finance/cash_register.php
capy/align-bolt-app-backe-b030b77a: MARINA_HOTEL_PORTABLE/bolt/admin/finance/cash_reports.php
capy/align-bolt-app-backe-b030b77a: MARINA_HOTEL_PORTABLE/bolt/admin/reports.php
capy/align-bolt-app-backe-b030b77a: MARINA_HOTEL_PORTABLE/bolt/admin/reports/comprehensive_reports.php
capy/align-bolt-app-backe-b030b77a: MARINA_HOTEL_PORTABLE/bolt/admin/reports/debug_bookings.php
capy/align-bolt-app-backe-b030b77a: MARINA_HOTEL_PORTABLE/bolt/admin/reports/employee_withdrawals_report.php
capy/align-bolt-app-backe-b030b77a: MARINA_HOTEL_PORTABLE/bolt/admin/reports/export_comprehensive_excel.php
capy/align-bolt-app-backe-b030b77a: MARINA_HOTEL_PORTABLE/bolt/admin/reports/export_comprehensive_pdf.php
capy/align-bolt-app-backe-b030b77a: MARINA_HOTEL_PORTABLE/bolt/admin/reports/export_employee_withdrawals_excel.php
capy/align-bolt-app-backe-b030b77a: MARINA_HOTEL_PORTABLE/bolt/admin/reports/export_excel.php
capy/align-bolt-app-backe-b030b77a: MARINA_HOTEL_PORTABLE/bolt/admin/reports/export_pdf.php
capy/align-bolt-app-backe-b030b77a: MARINA_HOTEL_PORTABLE/bolt/admin/reports/invoice.php
capy/align-bolt-app-backe-b030b77a: MARINA_HOTEL_PORTABLE/bolt/admin/reports/occupancy.php
capy/align-bolt-app-backe-b030b77a: MARINA_HOTEL_PORTABLE/bolt/admin/reports/report.php
capy/align-bolt-app-backe-b030b77a: MARINA_HOTEL_PORTABLE/bolt/admin/reports/revenue.php
capy/align-bolt-app-backe-b030b77a: MARINA_HOTEL_PORTABLE/bolt/admin/rooms/add.php
capy/align-bolt-app-backe-b030b77a: MARINA_HOTEL_PORTABLE/bolt/admin/rooms/edit.php
capy/align-bolt-app-backe-b030b77a: MARINA_HOTEL_PORTABLE/bolt/admin/rooms/list.php
capy/align-bolt-app-backe-b030b77a: MARINA_HOTEL_PORTABLE/bolt/admin/rooms/view.php
capy/align-bolt-app-backe-b030b77a: MARINA_HOTEL_PORTABLE/bolt/admin/settings/add_user.php
capy/align-bolt-app-backe-b030b77a: MARINA_HOTEL_PORTABLE/bolt/admin/settings/edit_guest.php
capy/align-bolt-app-backe-b030b77a: MARINA_HOTEL_PORTABLE/bolt/admin/settings/employees.php
capy/align-bolt-app-backe-b030b77a: MARINA_HOTEL_PORTABLE/bolt/admin/settings/get_user_permissions.php
capy/align-bolt-app-backe-b030b77a: MARINA_HOTEL_PORTABLE/bolt/admin/settings/guest_history.php
capy/align-bolt-app-backe-b030b77a: MARINA_HOTEL_PORTABLE/bolt/admin/settings/guests.php
capy/align-bolt-app-backe-b030b77a: MARINA_HOTEL_PORTABLE/bolt/admin/settings/index.php
capy/align-bolt-app-backe-b030b77a: MARINA_HOTEL_PORTABLE/bolt/admin/settings/maintenance.php
capy/align-bolt-app-backe-b030b77a: MARINA_HOTEL_PORTABLE/bolt/admin/settings/rooms_status.php
capy/align-bolt-app-backe-b030b77a: MARINA_HOTEL_PORTABLE/bolt/admin/settings/users.php
capy/align-bolt-app-backe-b030b77a: MARINA_HOTEL_PORTABLE/bolt/admin/system_tools/backup_database.php
capy/align-bolt-app-backe-b030b77a: MARINA_HOTEL_PORTABLE/bolt/admin/system_tools/backup_manager.php
capy/align-bolt-app-backe-b030b77a: MARINA_HOTEL_PORTABLE/bolt/admin/system_tools/create_users_table.php
capy/align-bolt-app-backe-b030b77a: MARINA_HOTEL_PORTABLE/bolt/admin/system_tools/user_management.php
capy/align-bolt-app-backe-b030b77a: MARINA_HOTEL_PORTABLE/bolt/api/guest_history.php
capy/align-bolt-app-backe-b030b77a: MARINA_HOTEL_PORTABLE/bolt/api/guests.php
capy/align-bolt-app-backe-b030b77a: MARINA_HOTEL_PORTABLE/bolt/api/payments.php
capy/align-bolt-app-backe-b030b77a: MARINA_HOTEL_PORTABLE/bolt/api/prepare_booking.php
capy/align-bolt-app-backe-b030b77a: MARINA_HOTEL_PORTABLE/bolt/bolt/android/app/src/main/AndroidManifest.xml
capy/align-bolt-app-backe-b030b77a: MARINA_HOTEL_PORTABLE/bolt/bolt/build-android.js
capy/align-bolt-app-backe-b030b77a: MARINA_HOTEL_PORTABLE/bolt/bolt/docs/development-plan.md
capy/align-bolt-app-backe-b030b77a: MARINA_HOTEL_PORTABLE/bolt/bolt/docs/sync-api-documentation.md
capy/align-bolt-app-backe-b030b77a: MARINA_HOTEL_PORTABLE/bolt/bolt/docs/technical-analysis.md
capy/align-bolt-app-backe-b030b77a: MARINA_HOTEL_PORTABLE/bolt/bolt/index.html
capy/align-bolt-app-backe-b030b77a: MARINA_HOTEL_PORTABLE/bolt/bolt/js/auth.js
capy/align-bolt-app-backe-b030b77a: MARINA_HOTEL_PORTABLE/bolt/bolt/js/bookings.js
capy/align-bolt-app-backe-b030b77a: MARINA_HOTEL_PORTABLE/bolt/bolt/js/dashboard.js
capy/align-bolt-app-backe-b030b77a: MARINA_HOTEL_PORTABLE/bolt/bolt/js/data-manager.js
capy/align-bolt-app-backe-b030b77a: MARINA_HOTEL_PORTABLE/bolt/bolt/js/employees.js
capy/align-bolt-app-backe-b030b77a: MARINA_HOTEL_PORTABLE/bolt/bolt/js/expenses.js
capy/align-bolt-app-backe-b030b77a: MARINA_HOTEL_PORTABLE/bolt/bolt/js/main.js
capy/align-bolt-app-backe-b030b77a: MARINA_HOTEL_PORTABLE/bolt/bolt/js/mobile-adapter.js
capy/align-bolt-app-backe-b030b77a: MARINA_HOTEL_PORTABLE/bolt/bolt/js/modals.js
capy/align-bolt-app-backe-b030b77a: MARINA_HOTEL_PORTABLE/bolt/bolt/js/navigation.js
capy/align-bolt-app-backe-b030b77a: MARINA_HOTEL_PORTABLE/bolt/bolt/js/payments.js
capy/align-bolt-app-backe-b030b77a: MARINA_HOTEL_PORTABLE/bolt/bolt/js/pwa-manager.js
capy/align-bolt-app-backe-b030b77a: MARINA_HOTEL_PORTABLE/bolt/bolt/js/reports.js
capy/align-bolt-app-backe-b030b77a: MARINA_HOTEL_PORTABLE/bolt/bolt/js/rooms.js
capy/align-bolt-app-backe-b030b77a: MARINA_HOTEL_PORTABLE/bolt/bolt/js/settings.js
capy/align-bolt-app-backe-b030b77a: MARINA_HOTEL_PORTABLE/bolt/bolt/js/sync-manager.js
capy/align-bolt-app-backe-b030b77a: MARINA_HOTEL_PORTABLE/bolt/bolt/js/utils.js
capy/align-bolt-app-backe-b030b77a: MARINA_HOTEL_PORTABLE/bolt/bolt/manifest.json
capy/align-bolt-app-backe-b030b77a: MARINA_HOTEL_PORTABLE/bolt/bolt/package-lock.json
capy/align-bolt-app-backe-b030b77a: MARINA_HOTEL_PORTABLE/bolt/bolt/package.json
capy/align-bolt-app-backe-b030b77a: MARINA_HOTEL_PORTABLE/bolt/bolt/page2.html
capy/align-bolt-app-backe-b030b77a: MARINA_HOTEL_PORTABLE/bolt/bolt/script.js
capy/align-bolt-app-backe-b030b77a: MARINA_HOTEL_PORTABLE/bolt/bolt/styles.css
capy/align-bolt-app-backe-b030b77a: MARINA_HOTEL_PORTABLE/bolt/bolt/styles/main.css
capy/align-bolt-app-backe-b030b77a: MARINA_HOTEL_PORTABLE/bolt/bolt/styles/responsive.css
capy/align-bolt-app-backe-b030b77a: MARINA_HOTEL_PORTABLE/bolt/bolt/sw.js
capy/align-bolt-app-backe-b030b77a: MARINA_HOTEL_PORTABLE/bolt/bolt_analysis.md
capy/align-bolt-app-backe-b030b77a: MARINA_HOTEL_PORTABLE/bolt/includes/auth.php
capy/align-bolt-app-backe-b030b77a: MARINA_HOTEL_PORTABLE/bolt/includes/auth_check.php
capy/align-bolt-app-backe-b030b77a: MARINA_HOTEL_PORTABLE/bolt/includes/auth_check_finance.php
capy/align-bolt-app-backe-b030b77a: MARINA_HOTEL_PORTABLE/bolt/includes/auth_check_modified.php
capy/align-bolt-app-backe-b030b77a: MARINA_HOTEL_PORTABLE/bolt/includes/config.php
capy/align-bolt-app-backe-b030b77a: MARINA_HOTEL_PORTABLE/bolt/includes/db.php
capy/align-bolt-app-backe-b030b77a: MARINA_HOTEL_PORTABLE/bolt/includes/email_config.php
capy/align-bolt-app-backe-b030b77a: MARINA_HOTEL_PORTABLE/bolt/includes/email_sync.php
capy/align-bolt-app-backe-b030b77a: MARINA_HOTEL_PORTABLE/bolt/includes/error_handler.php
capy/align-bolt-app-backe-b030b77a: MARINA_HOTEL_PORTABLE/bolt/includes/footer.php
capy/align-bolt-app-backe-b030b77a: MARINA_HOTEL_PORTABLE/bolt/includes/fpdf.php
capy/align-bolt-app-backe-b030b77a: MARINA_HOTEL_PORTABLE/bolt/includes/functions.php
capy/align-bolt-app-backe-b030b77a: MARINA_HOTEL_PORTABLE/bolt/includes/header.php
capy/align-bolt-app-backe-b030b77a: MARINA_HOTEL_PORTABLE/bolt/includes/header2.php
capy/align-bolt-app-backe-b030b77a: MARINA_HOTEL_PORTABLE/bolt/includes/init.php
capy/align-bolt-app-backe-b030b77a: MARINA_HOTEL_PORTABLE/bolt/includes/pdf_generator.php
capy/align-bolt-app-backe-b030b77a: MARINA_HOTEL_PORTABLE/bolt/includes/performance.php
capy/align-bolt-app-backe-b030b77a: MARINA_HOTEL_PORTABLE/bolt/includes/report_functions.php
capy/align-bolt-app-backe-b030b77a: MARINA_HOTEL_PORTABLE/bolt/includes/security.php
capy/align-bolt-app-backe-b030b77a: MARINA_HOTEL_PORTABLE/bolt/includes/session_manager.php
capy/align-bolt-app-backe-b030b77a: MARINA_HOTEL_PORTABLE/bolt/includes/sidebar.php
capy/align-bolt-app-backe-b030b77a: MARINA_HOTEL_PORTABLE/bolt/includes/simple-header.php
capy/align-bolt-app-backe-b030b77a: MARINA_HOTEL_PORTABLE/tools/verify_bolt_admin_parity.php
capy/align-bolt-app-backe-b030b77a: android_app/build.gradle
cursor/enhance-...: MARINA_HOTEL_PORTABLE/admin/system/index.php
cursor/enhance-...: MARINA_HOTEL_PORTABLE/admin/system/logs.php
cursor/enhance-...: MARINA_HOTEL_PORTABLE/admin/system/maintenance.php
cursor/enhance-...: MARINA_HOTEL_PORTABLE/admin/system/network.php
cursor/enhance-...: MARINA_HOTEL_PORTABLE/admin/system/security.php
cursor/enhance-...: MARINA_HOTEL_PORTABLE/admin/system/settings.php
cursor/enhance-...: marinahotel/docker-compose.yml
