[30-Jun-2025 02:02:01 Asia/Aden] [2025-06-30 02:02:01] استثناء غير معالج: Call to undefined function create_payment_message() في D:\xampp\htdocs\marina hotel\admin\bookings\payment.php على السطر 107
Stack trace:
#0 {main}
[30-Jun-2025 02:40:43 Asia/Aden] [2025-06-30 02:40:43] ملاحظة: Undefined variable: row في D:\xampp\htdocs\marina hotel\admin\bookings\payment2.php على السطر 170
[30-Jun-2025 02:40:43 Asia/Aden] [2025-06-30 02:40:43] ملاحظة: Undefined variable: row في D:\xampp\htdocs\marina hotel\admin\bookings\payment2.php على السطر 171
[30-Jun-2025 02:40:43 Asia/Aden] [2025-06-30 02:40:43] ملاحظة: Undefined variable: row في D:\xampp\htdocs\marina hotel\admin\bookings\payment2.php على السطر 172
[30-Jun-2025 02:40:43 Asia/Aden] [2025-06-30 02:40:43] ملاحظة: Undefined variable: row في D:\xampp\htdocs\marina hotel\admin\bookings\payment2.php على السطر 174
[30-Jun-2025 02:40:43 Asia/Aden] [2025-06-30 02:40:43] ملاحظة: Undefined variable: row في D:\xampp\htdocs\marina hotel\admin\bookings\payment2.php على السطر 176
[30-Jun-2025 02:40:43 Asia/Aden] [2025-06-30 02:40:43] ملاحظة: Undefined variable: payments_res في D:\xampp\htdocs\marina hotel\admin\bookings\payment2.php على السطر 224
[30-Jun-2025 02:40:43 Asia/Aden] [2025-06-30 02:40:43] ملاحظة: Undefined variable: row في D:\xampp\htdocs\marina hotel\admin\bookings\payment2.php على السطر 261
[30-Jun-2025 02:45:27 Asia/Aden] [2025-06-30 02:45:27] استثناء غير معالج: Call to undefined function format_arabic_date() في D:\xampp\htdocs\marina hotel\admin\reports\report.php على السطر 301
Stack trace:
#0 {main}
[30-Jun-2025 02:45:44 Asia/Aden] [2025-06-30 02:45:44] استثناء غير معالج: Call to undefined function format_arabic_date() في D:\xampp\htdocs\marina hotel\admin\reports\report.php على السطر 301
Stack trace:
#0 {main}
[30-Jun-2025 02:45:46 Asia/Aden] [2025-06-30 02:45:46] ملاحظة: Undefined variable: _SESSION في D:\xampp\htdocs\marina hotel\admin\reports\comprehensive_reports.php على السطر 18
[30-Jun-2025 02:45:47 Asia/Aden] [2025-06-30 02:45:46] استثناء غير معالج: Table 'hotel_db.payments' doesn't exist في D:\xampp\htdocs\marina hotel\admin\reports\comprehensive_reports.php على السطر 47
Stack trace:
#0 D:\xampp\htdocs\marina hotel\admin\reports\comprehensive_reports.php(47): mysqli->prepare('\n        SELECT...')
#1 {main}
[30-Jun-2025 02:45:52 Asia/Aden] [2025-06-30 02:45:52] استثناء غير معالج: Call to undefined function format_arabic_date() في D:\xampp\htdocs\marina hotel\admin\reports\employee_withdrawals_report.php على السطر 262
Stack trace:
#0 {main}
[30-Jun-2025 22:18:49 Asia/Aden] خطأ في إضافة أعمدة الأمان: Duplicate column name 'failed_login_attempts'
[30-Jun-2025 22:19:13 Asia/Aden] [2025-06-30 22:19:13] ملاحظة: Undefined index: full_name في D:\xampp\htdocs\marina hotel\includes\sidebar.php على السطر 20
[30-Jun-2025 22:29:03 Asia/Aden] خطأ في إضافة أعمدة الأمان: Duplicate column name 'failed_login_attempts'
[01-Jul-2025 02:01:14 Asia/Aden] خطأ في إضافة أعمدة الأمان: Duplicate column name 'failed_login_attempts'
[01-Jul-2025 02:34:10 Asia/Aden] [2025-07-01 02:34:10] استثناء غير معالج: Call to undefined function format_arabic_date() في D:\xampp\htdocs\marina hotel\admin\reports\employee_withdrawals_report.php على السطر 262
Stack trace:
#0 {main}
[01-Jul-2025 02:39:11 Asia/Aden] [2025-07-01 02:39:11] استثناء غير معالج: Call to undefined function format_arabic_date() في D:\xampp\htdocs\marina hotel\admin\reports\employee_withdrawals_report.php على السطر 262
Stack trace:
#0 {main}
[01-Jul-2025 02:47:53 Asia/Aden] [2025-07-01 02:47:53] استثناء غير معالج: Call to undefined function format_arabic_date() في D:\xampp\htdocs\marina hotel\admin\reports\report.php على السطر 301
Stack trace:
#0 {main}
[01-Jul-2025 02:51:07 Asia/Aden] [2025-07-01 02:51:07] استثناء غير معالج: Call to undefined function format_arabic_date() في D:\xampp\htdocs\marina hotel\admin\reports\report.php على السطر 301
Stack trace:
#0 {main}
[01-Jul-2025 02:51:13 Asia/Aden] [2025-07-01 02:51:13] ملاحظة: Undefined variable: _SESSION في D:\xampp\htdocs\marina hotel\admin\reports\comprehensive_reports.php على السطر 18
[01-Jul-2025 02:51:13 Asia/Aden] [2025-07-01 02:51:13] استثناء غير معالج: Table 'hotel_db.payments' doesn't exist في D:\xampp\htdocs\marina hotel\admin\reports\comprehensive_reports.php على السطر 47
Stack trace:
#0 D:\xampp\htdocs\marina hotel\admin\reports\comprehensive_reports.php(47): mysqli->prepare('\n        SELECT...')
#1 {main}
[01-Jul-2025 03:05:56 Asia/Aden] [2025-07-01 03:05:56] تحذير: require_once(../../includes/db.php): failed to open stream: No such file or directory في D:\xampp\htdocs\marina hotel\admin\reports\comprehensive_reports.php على السطر 3
[01-Jul-2025 03:05:56 Asia/Aden] PHP Fatal error:  require_once(): Failed opening required '../../includes/db.php' (include_path='\xampp\php\PEAR') in D:\xampp\htdocs\marina hotel\admin\reports\comprehensive_reports.php on line 3
[01-Jul-2025 03:05:56 Asia/Aden] [2025-07-01 03:05:56] خطأ فادح: require_once(): Failed opening required '../../includes/db.php' (include_path='\xampp\php\PEAR') في D:\xampp\htdocs\marina hotel\admin\reports\comprehensive_reports.php على السطر 3
[01-Jul-2025 03:06:45 Asia/Aden] [2025-07-01 03:06:45] استثناء غير معالج: Unknown column 'expense_date' in 'field list' في D:\xampp\htdocs\marina hotel\admin\reports\comprehensive_reports.php على السطر 76
Stack trace:
#0 D:\xampp\htdocs\marina hotel\admin\reports\comprehensive_reports.php(76): mysqli->prepare('\n        SELECT...')
#1 {main}
[01-Jul-2025 03:09:03 Asia/Aden] [2025-07-01 03:09:03] استثناء غير معالج: Call to undefined function format_arabic_date() في D:\xampp\htdocs\marina hotel\admin\reports\report.php على السطر 301
Stack trace:
#0 {main}
[01-Jul-2025 22:18:20 Asia/Aden] خطأ في إضافة أعمدة الأمان: Duplicate column name 'failed_login_attempts'
[01-Jul-2025 22:18:52 Asia/Aden] [2025-07-01 22:18:52] استثناء غير معالج: Call to undefined function format_arabic_date() في D:\xampp\htdocs\marina hotel\admin\reports\report.php على السطر 301
Stack trace:
#0 {main}
[01-Jul-2025 22:19:01 Asia/Aden] [2025-07-01 22:19:01] استثناء غير معالج: Unknown column 'expense_date' in 'field list' في D:\xampp\htdocs\marina hotel\admin\reports\comprehensive_reports.php على السطر 76
Stack trace:
#0 D:\xampp\htdocs\marina hotel\admin\reports\comprehensive_reports.php(76): mysqli->prepare('\n        SELECT...')
#1 {main}
[01-Jul-2025 22:21:55 Asia/Aden] [2025-07-01 22:21:55] مهجور: Methods with the same name as their class will not be constructors in a future version of PHP; FPDF has a deprecated constructor في D:\xampp\htdocs\marina hotel\includes\fpdf\fpdf.php على السطر 12
[01-Jul-2025 22:21:55 Asia/Aden] [2025-07-01 22:21:55] تحذير: include(D:\xampp\htdocs\marina hotel\includes\fpdf/font/DejaVuSansCondensed.php): failed to open stream: No such file or directory في D:\xampp\htdocs\marina hotel\includes\fpdf\fpdf.php على السطر 1145
[01-Jul-2025 22:21:55 Asia/Aden] [2025-07-01 22:21:55] تحذير: include(): Failed opening 'D:\xampp\htdocs\marina hotel\includes\fpdf/font/DejaVuSansCondensed.php' for inclusion (include_path='\xampp\php\PEAR') في D:\xampp\htdocs\marina hotel\includes\fpdf\fpdf.php على السطر 1145
[01-Jul-2025 22:37:33 Asia/Aden] [2025-07-01 22:37:33] استثناء غير معالج: Call to undefined function format_arabic_date() في D:\xampp\htdocs\marina hotel\admin\reports\report.php على السطر 301
Stack trace:
#0 {main}
[01-Jul-2025 22:46:40 Asia/Aden] [2025-07-01 22:46:40] استثناء غير معالج: Call to undefined function format_arabic_date() في D:\xampp\htdocs\marina hotel\admin\reports\report.php على السطر 301
Stack trace:
#0 {main}
[01-Jul-2025 22:46:45 Asia/Aden] [2025-07-01 22:46:45] استثناء غير معالج: Unknown column 'expense_date' in 'field list' في D:\xampp\htdocs\marina hotel\admin\reports\comprehensive_reports.php على السطر 76
Stack trace:
#0 D:\xampp\htdocs\marina hotel\admin\reports\comprehensive_reports.php(76): mysqli->prepare('\n        SELECT...')
#1 {main}
[01-Jul-2025 22:47:17 Asia/Aden] [2025-07-01 22:47:17] استثناء غير معالج: Call to undefined function format_arabic_date() في D:\xampp\htdocs\marina hotel\admin\reports\employee_withdrawals_report.php على السطر 262
Stack trace:
#0 {main}
[02-Jul-2025 00:23:44 Asia/Aden] خطأ في إضافة أعمدة الأمان: Duplicate column name 'failed_login_attempts'
[02-Jul-2025 00:24:06 Asia/Aden] [2025-07-02 00:24:06] استثناء غير معالج: Call to undefined function format_arabic_date() في D:\xampp\htdocs\marina hotel\admin\reports\report.php على السطر 301
Stack trace:
#0 {main}
[02-Jul-2025 00:25:58 Asia/Aden] [2025-07-02 00:25:58] استثناء غير معالج: Call to undefined function format_arabic_date() في D:\xampp\htdocs\marina hotel\admin\reports\employee_withdrawals_report.php على السطر 262
Stack trace:
#0 {main}
[02-Jul-2025 00:28:42 Asia/Aden] [2025-07-02 00:28:42] استثناء غير معالج: Call to undefined function format_arabic_date() في D:\xampp\htdocs\marina hotel\admin\reports\employee_withdrawals_report.php على السطر 262
Stack trace:
#0 {main}
[02-Jul-2025 00:28:45 Asia/Aden] [2025-07-02 00:28:45] استثناء غير معالج: Call to undefined function format_arabic_date() في D:\xampp\htdocs\marina hotel\admin\reports\employee_withdrawals_report.php على السطر 262
Stack trace:
#0 {main}
[02-Jul-2025 00:29:37 Asia/Aden] [2025-07-02 00:29:37] استثناء غير معالج: syntax error, unexpected '$data' (T_VARIABLE) في D:\xampp\htdocs\marina hotel\admin\reports\comprehensive_reports.php على السطر 165
Stack trace:
#0 {main}
[02-Jul-2025 00:36:39 Asia/Aden] [2025-07-02 00:36:39] ملاحظة: session_start(): A session had already been started - ignoring في D:\xampp\htdocs\marina hotel\test_reports_fix.php على السطر 16
[02-Jul-2025 00:36:40 Asia/Aden] [2025-07-02 00:36:40] استثناء غير معالج: syntax error, unexpected '$stmt' (T_VARIABLE) في D:\xampp\htdocs\marina hotel\admin\reports\comprehensive_reports.php على السطر 161
Stack trace:
#0 {main}
[02-Jul-2025 00:36:49 Asia/Aden] [2025-07-02 00:36:49] ملاحظة: session_start(): A session had already been started - ignoring في D:\xampp\htdocs\marina hotel\test_reports_fix.php على السطر 16
[02-Jul-2025 00:36:50 Asia/Aden] [2025-07-02 00:36:50] استثناء غير معالج: syntax error, unexpected '$stmt' (T_VARIABLE) في D:\xampp\htdocs\marina hotel\admin\reports\comprehensive_reports.php على السطر 161
Stack trace:
#0 {main}
[02-Jul-2025 00:37:15 Asia/Aden] PHP Fatal error:  Cannot redeclare execute_query() (previously declared in D:\xampp\htdocs\marina hotel\includes\db.php:118) in D:\xampp\htdocs\marina hotel\includes\report_functions.php on line 204
[02-Jul-2025 00:37:15 Asia/Aden] [2025-07-02 00:37:15] خطأ فادح: Cannot redeclare execute_query() (previously declared in D:\xampp\htdocs\marina hotel\includes\db.php:118) في D:\xampp\htdocs\marina hotel\includes\report_functions.php على السطر 204
[02-Jul-2025 00:37:30 Asia/Aden] PHP Fatal error:  Cannot redeclare execute_query() (previously declared in D:\xampp\htdocs\marina hotel\includes\db.php:118) in D:\xampp\htdocs\marina hotel\includes\report_functions.php on line 204
[02-Jul-2025 00:37:30 Asia/Aden] [2025-07-02 00:37:30] خطأ فادح: Cannot redeclare execute_query() (previously declared in D:\xampp\htdocs\marina hotel\includes\db.php:118) في D:\xampp\htdocs\marina hotel\includes\report_functions.php على السطر 204
[02-Jul-2025 00:37:38 Asia/Aden] [2025-07-02 00:37:38] استثناء غير معالج: Call to undefined function format_arabic_date() في D:\xampp\htdocs\marina hotel\admin\reports\report.php على السطر 301
Stack trace:
#0 {main}
[02-Jul-2025 00:44:16 Asia/Aden] [2025-07-02 00:44:16] استثناء غير معالج: Call to undefined function format_arabic_date() في D:\xampp\htdocs\marina hotel\admin\reports\report.php على السطر 301
Stack trace:
#0 {main}
[02-Jul-2025 00:44:20 Asia/Aden] [2025-07-02 00:44:20] استثناء غير معالج: Call to undefined function format_arabic_date() في D:\xampp\htdocs\marina hotel\admin\reports\report.php على السطر 301
Stack trace:
#0 {main}
[02-Jul-2025 00:48:43 Asia/Aden] [2025-07-02 00:48:43] استثناء غير معالج: Call to undefined function format_arabic_date() في D:\xampp\htdocs\marina hotel\admin\reports\report.php على السطر 301
Stack trace:
#0 {main}
[02-Jul-2025 00:52:56 Asia/Aden] [2025-07-02 00:52:56] استثناء غير معالج: Call to undefined function format_arabic_date() في D:\xampp\htdocs\marina hotel\admin\reports\report.php على السطر 301
Stack trace:
#0 {main}
[02-Jul-2025 00:53:04 Asia/Aden] PHP Fatal error:  Cannot redeclare is_logged_in() (previously declared in D:\xampp\htdocs\marina hotel\includes\auth_check.php:14) in D:\xampp\htdocs\marina hotel\includes\auth.php on line 34
[02-Jul-2025 00:53:04 Asia/Aden] [2025-07-02 00:53:04] خطأ فادح: Cannot redeclare is_logged_in() (previously declared in D:\xampp\htdocs\marina hotel\includes\auth_check.php:14) في D:\xampp\htdocs\marina hotel\includes\auth.php على السطر 34
[02-Jul-2025 00:53:30 Asia/Aden] [2025-07-02 00:53:30] استثناء غير معالج: Call to undefined function format_arabic_date() في D:\xampp\htdocs\marina hotel\admin\reports\report.php على السطر 301
Stack trace:
#0 {main}
[02-Jul-2025 01:19:26 Asia/Aden] PHP Fatal error:  Cannot redeclare is_logged_in() (previously declared in D:\xampp\htdocs\marina hotel\includes\auth_check.php:14) in D:\xampp\htdocs\marina hotel\includes\auth.php on line 34
[02-Jul-2025 01:19:26 Asia/Aden] [2025-07-02 01:19:26] خطأ فادح: Cannot redeclare is_logged_in() (previously declared in D:\xampp\htdocs\marina hotel\includes\auth_check.php:14) في D:\xampp\htdocs\marina hotel\includes\auth.php على السطر 34
[02-Jul-2025 01:28:06 Asia/Aden] [2025-07-02 01:28:06] استثناء غير معالج: syntax error, unexpected end of file في D:\xampp\htdocs\marina hotel\includes\report_functions.php على السطر 312
Stack trace:
#0 {main}
[02-Jul-2025 01:28:06 Asia/Aden] [2025-07-02 01:28:06] استثناء غير معالج: syntax error, unexpected end of file في D:\xampp\htdocs\marina hotel\includes\report_functions.php على السطر 312
Stack trace:
#0 {main}
[02-Jul-2025 01:28:12 Asia/Aden] [2025-07-02 01:28:12] استثناء غير معالج: syntax error, unexpected end of file في D:\xampp\htdocs\marina hotel\includes\report_functions.php على السطر 312
Stack trace:
#0 {main}
[02-Jul-2025 03:08:21 Asia/Aden] خطأ في إضافة أعمدة الأمان: Duplicate column name 'failed_login_attempts'
[02-Jul-2025 03:08:21 Asia/Aden] خطأ في إضافة أعمدة الأمان: Duplicate column name 'failed_login_attempts'
[02-Jul-2025 03:23:48 Asia/Aden] خطأ في إضافة أعمدة الأمان: Duplicate column name 'failed_login_attempts'
[02-Jul-2025 03:23:54 Asia/Aden] خطأ في إضافة أعمدة الأمان: Duplicate column name 'failed_login_attempts'
[02-Jul-2025 03:24:36 Asia/Aden] خطأ في إضافة أعمدة الأمان: Duplicate column name 'failed_login_attempts'
